

Microchip Technology PIC LITE Macro Assembler V1.38 build -256452561 
                                                                                               Sat Oct 08 21:24:08 2016

Microchip Technology Omniscient Code Generator v1.38 (Free mode) build 201607010351
     1                           	processor	10F200
     2                           	opt	pw 120
     3                           	opt	lm
     4                           	psect	cinit,global,class=ENTRY,merge=1,delta=2
     5                           	psect	cstackCOMMON,global,class=COMMON,space=1,delta=1
     6                           	psect	cstackBANK0,global,class=BANK0,space=1,delta=1
     7                           	psect	maintext,global,class=CODE,split=1,delta=2
     8                           	psect	text1,local,class=CODE,merge=1,delta=2
     9                           	psect	jmp_tab,global,class=ENTRY,delta=2
    10                           	psect	text2,local,class=CODE,merge=1,delta=2
    11                           	dabs	1,0x1C,4
    12  0000                     	;# 
    13  0001                     	;# 
    14  0002                     	;# 
    15  0003                     	;# 
    16  0004                     	;# 
    17  0005                     	;# 
    18  0006                     	;# 
    19  0000                     	;# 
    20  0001                     	;# 
    21  0002                     	;# 
    22  0003                     	;# 
    23  0004                     	;# 
    24  0005                     	;# 
    25  0006                     	;# 
    26  0000                     	;# 
    27  0001                     	;# 
    28  0002                     	;# 
    29  0003                     	;# 
    30  0004                     	;# 
    31  0005                     	;# 
    32  0006                     	;# 
    33  0000                     	;# 
    34  0001                     	;# 
    35  0002                     	;# 
    36  0003                     	;# 
    37  0004                     	;# 
    38  0005                     	;# 
    39  0006                     	;# 
    40  0000                     	;# 
    41  0001                     	;# 
    42  0002                     	;# 
    43  0003                     	;# 
    44  0004                     	;# 
    45  0005                     	;# 
    46  0006                     	;# 
    47  0006                     _GPIO	set	6
    48  0000                     _OPTION	set	0
    49  0005                     _OSCCAL	set	5
    50  0001                     _TMR0	set	1
    51  0006                     _TRISGPIO	set	6
    52                           
    53                           ; #config settings
    54  0000                     
    55                           	psect	cinit
    56  001                     start_initialization:	
    57  001                     __initialization:	
    58  001                     end_of_initialization:	
    59                           ;End of C runtime variable initialization code
    60                           
    61  001                     __end_of__initialization:	
    62  001  064                	clrf	4
    63  002  A03                	ljmp	_main	;jump to C main() function
    64                           
    65                           	psect	cstackCOMMON
    66  000                     __pcstackCOMMON:	
    67  000                     ??_ConfigureOscillator:	
    68  000                     ??_InitApp:	
    69                           ; 1 bytes @ 0x0
    70                           
    71                           
    72                           	psect	cstackBANK0
    73  010                     __pcstackBANK0:	
    74                           ; 1 bytes @ 0x0
    75                           
    76  010                     ?_ConfigureOscillator:	
    77  010                     ?_InitApp:	
    78                           ; 1 bytes @ 0x0
    79                           
    80  010                     ?_main:	
    81                           ; 1 bytes @ 0x0
    82                           
    83  010                     ??_main:	
    84                           ; 1 bytes @ 0x0
    85                           
    86                           
    87                           ; 1 bytes @ 0x0
    88  010                     	ds	3
    89  013                     main@timerClockCount:	
    90                           
    91                           ; 2 bytes @ 0x3
    92  013                     	ds	2
    93                           
    94                           	psect	maintext
    95  003                     __pmaintext:	
    96 ;;
    97 ;;Main: autosize = 0, tempsize = 3, incstack = 0, save=0
    98 ;;
    99 ;; *************** function _main *****************
   100 ;; Defined at:
   101 ;;		line 23 in file "main.c"
   102 ;; Parameters:    Size  Location     Type
   103 ;;		None
   104 ;; Auto vars:     Size  Location     Type
   105 ;;  timerClockCo    2    3[BANK0 ] unsigned int 
   106 ;; Return value:  Size  Location     Type
   107 ;;                  1   18[None  ] void 
   108 ;; Registers used:
   109 ;;		wreg, fsr0l, fsr0h, status,2, status,0, btemp+0, btemp+1, pclath, cstack
   110 ;; Tracked objects:
   111 ;;		On entry : B00/0
   112 ;;		On exit  : 0/0
   113 ;;		Unchanged: 0/0
   114 ;; Data sizes:     COMMON   BANK0
   115 ;;      Params:         0       0
   116 ;;      Locals:         0       2
   117 ;;      Temps:          0       3
   118 ;;      Totals:         0       5
   119 ;;Total ram usage:        5 bytes
   120 ;; Hardware stack levels required when called:    1
   121 ;; This function calls:
   122 ;;		_ConfigureOscillator
   123 ;;		_InitApp
   124 ;; This function is called by:
   125 ;;		Startup code after reset
   126 ;; This function uses a non-reentrant model
   127 ;;
   128                           
   129                           
   130                           ;psect for function _main
   131  003                     _main:	
   132                           
   133                           ;main.c: 27: ConfigureOscillator();
   134                           
   135                           ;incstack = 0
   136                           ; Regs used in _main: [wreg-fsr0h+status,2-btemp+1+pclath+cstack]
   137  003  9FE                	fcall	entry__ConfigureOscillator
   138                           
   139                           ;main.c: 31: InitApp();
   140  004  9FD                	fcall	entry__InitApp
   141                           
   142                           ;main.c: 35: OSCCAL = 0b11111110;
   143  005  CFE                	movlw	254
   144  006  025                	movwf	5	;volatile
   145                           
   146                           ;main.c: 41: OPTION = 0b01101111;
   147  007  C6F                	movlw	111
   148  008  002                	option
   149                           
   150                           ;main.c: 45: TRISGPIO = 0b00001110;
   151  009  C0E                	movlw	14
   152  00A  006                	tris	6
   153                           
   154                           ;main.c: 49: unsigned int timerClockCount = 0;
   155  00B  073                	clrf	main@timerClockCount
   156  00C  074                	clrf	main@timerClockCount+1
   157                           
   158                           ;main.c: 53: GPIO = 0b00000000;
   159  00D  066                	clrf	6	;volatile
   160                           
   161                           ;main.c: 57: TMR0 = 0;
   162  00E  061                	clrf	1	;volatile
   163  00F                     l443:	
   164                           ;main.c: 58: while (1) {
   165                           
   166                           
   167                           ;main.c: 62: timerClockCount = TMR0;
   168  00F  201                	movf	1,w	;volatile
   169  010  03C                	movwf	28
   170  011  07D                	clrf	29
   171  012  21C                	movf	28,w
   172  013  033                	movwf	main@timerClockCount
   173  014  21D                	movf	29,w
   174  015  034                	movwf	main@timerClockCount+1
   175                           
   176                           ;main.c: 63: if (timerClockCount > 10) {
   177  016  C00                	movlw	0
   178  017  094                	subwf	main@timerClockCount+1,w
   179  018  C0B                	movlw	11
   180  019  643                	skipnz
   181  01A  093                	subwf	main@timerClockCount,w
   182  01B  703                	skipc
   183  01C  A0F                	goto	l443
   184                           
   185                           ;main.c: 67: GPIO = 0b00000001;
   186  01D  C01                	movlw	1
   187  01E  026                	movwf	6	;volatile
   188                           
   189                           ;main.c: 71: _delay((unsigned long)((2000)*(4000000L/4000.0)));
   190  01F  C0B                	movlw	11
   191  020  032                	movwf	??_main+2
   192  021  C26                	movlw	38
   193  022  031                	movwf	??_main+1
   194  023  C66                	movlw	102
   195  024  030                	movwf	??_main
   196  025                     u37:	
   197  025  2F0                	decfsz	??_main,f
   198  026  A25                	goto	u37
   199  027  2F1                	decfsz	??_main+1,f
   200  028  A25                	goto	u37
   201  029  2F2                	decfsz	??_main+2,f
   202  02A  A25                	goto	u37
   203  02B  A2C                	nop2
   204                           
   205                           ;main.c: 75: TMR0 = 0;
   206  02C  061                	clrf	1	;volatile
   207                           
   208                           ;main.c: 79: GPIO = 0b00000000;
   209  02D  066                	clrf	6	;volatile
   210  02E  A0F                	goto	l443
   211  02F                     __end_of_main:	
   212                           
   213                           	psect	text1
   214  02F                     __ptext1:	
   215 ;; *************** function _InitApp *****************
   216 ;; Defined at:
   217 ;;		line 13 in file "user.c"
   218 ;; Parameters:    Size  Location     Type
   219 ;;		None
   220 ;; Auto vars:     Size  Location     Type
   221 ;;		None
   222 ;; Return value:  Size  Location     Type
   223 ;;                  1    4[None  ] void 
   224 ;; Registers used:
   225 ;;		wreg
   226 ;; Tracked objects:
   227 ;;		On entry : 0/0
   228 ;;		On exit  : 0/0
   229 ;;		Unchanged: 0/0
   230 ;; Data sizes:     COMMON   BANK0
   231 ;;      Params:         0       0
   232 ;;      Locals:         0       0
   233 ;;      Temps:          0       0
   234 ;;      Totals:         0       0
   235 ;;Total ram usage:        0 bytes
   236 ;; Hardware stack levels used:    1
   237 ;; This function calls:
   238 ;;		Nothing
   239 ;; This function is called by:
   240 ;;		_main
   241 ;; This function uses a non-reentrant model
   242 ;;
   243                           
   244                           
   245                           ;psect for function _InitApp
   246  02F                     _InitApp:	
   247  02F  800                	retlw	0
   248  030                     __end_of_InitApp:	
   249                           
   250                           	psect	jmp_tab
   251  0FD                     __pjmp_tab:	
   252                           ;incstack = 0
   253                           ; Regs used in _InitApp: [wreg]
   254                           
   255  0FD                     entry__InitApp:	
   256  0FD  A2F                	ljmp	_InitApp
   257  0FE                     entry__ConfigureOscillator:	
   258                           ;incstack = 0
   259                           ; Regs used in _ConfigureOscillator: [wreg]
   260                           
   261  0FE  A30                	ljmp	_ConfigureOscillator
   262                           
   263                           	psect	text2
   264  030                     __ptext2:	
   265 ;; *************** function _ConfigureOscillator *****************
   266 ;; Defined at:
   267 ;;		line 18 in file "system.c"
   268 ;; Parameters:    Size  Location     Type
   269 ;;		None
   270 ;; Auto vars:     Size  Location     Type
   271 ;;		None
   272 ;; Return value:  Size  Location     Type
   273 ;;                  1    2[None  ] void 
   274 ;; Registers used:
   275 ;;		wreg
   276 ;; Tracked objects:
   277 ;;		On entry : 0/0
   278 ;;		On exit  : 0/0
   279 ;;		Unchanged: 0/0
   280 ;; Data sizes:     COMMON   BANK0
   281 ;;      Params:         0       0
   282 ;;      Locals:         0       0
   283 ;;      Temps:          0       0
   284 ;;      Totals:         0       0
   285 ;;Total ram usage:        0 bytes
   286 ;; Hardware stack levels used:    1
   287 ;; This function calls:
   288 ;;		Nothing
   289 ;; This function is called by:
   290 ;;		_main
   291 ;; This function uses a non-reentrant model
   292 ;;
   293                           
   294                           
   295                           ;psect for function _ConfigureOscillator
   296  030                     _ConfigureOscillator:	
   297  030  800                	retlw	0
   298  031                     __end_of_ConfigureOscillator:	
   299  001C                     btemp	set	28	;btemp
   300  001C                     wtemp	set	28
   301  001C                     wtemp0	set	28
   302  001E                     wtemp1	set	30
   303  0020                     wtemp2	set	32
   304  0022                     wtemp3	set	34
   305  0024                     wtemp4	set	36
   306  0026                     wtemp5	set	38
   307  001D                     wtemp6	set	29
   308  001C                     ttemp	set	28
   309  001C                     ttemp0	set	28
   310  001F                     ttemp1	set	31
   311  0022                     ttemp2	set	34
   312  0025                     ttemp3	set	37
   313  001D                     ttemp4	set	29
   314  001C                     ltemp	set	28
   315  001C                     ltemp0	set	28
   316  0020                     ltemp1	set	32
   317  0024                     ltemp2	set	36
   318  001E                     ltemp3	set	30


Data Sizes:
    Strings     0
    Constant    0
    Data        0
    BSS         0
    Persistent  0
    Stack       0

Auto Spaces:
    Space          Size  Autos    Used
    COMMON            0      0       0
    BANK0            14      5       5

Pointer List with Targets:

    None.

Critical Paths under _main in COMMON

    None.

Critical Paths under _main in BANK0

    None.

Call Graph Tables:

 ---------------------------------------------------------------------------------
 (Depth) Function   	        Calls       Base Space   Used Autos Params    Refs
 ---------------------------------------------------------------------------------
 (0) _main                                                 5     5      0      24
                                              0 BANK0      5     5      0
                _ConfigureOscillator
                            _InitApp
 ---------------------------------------------------------------------------------
 (1) _InitApp                                              0     0      0       0
 ---------------------------------------------------------------------------------
 (1) _ConfigureOscillator                                  0     0      0       0
 ---------------------------------------------------------------------------------
 Estimated maximum stack depth 1
 ---------------------------------------------------------------------------------

 Call Graph Graphs:

 _main (ROOT)
   _ConfigureOscillator
   _InitApp

 Address spaces:
Name               Size   Autos  Total    Cost      Usage
STACK                0      0       0       0        0.0%
NULL                 0      0       0       0        0.0%
CODE                 0      0       0       0        0.0%
BITSFR0              0      0       0       1        0.0%
SFR0                 0      0       0       1        0.0%
DATA                 0      0       0       1        0.0%
BITCOMMON            0      0       0       2        0.0%
BITBANK0             E      0       0       3        0.0%
COMMON               0      0       0       4        0.0%
BANK0                E      5       5       5       35.7%
ABS                  0      0       0       6        0.0%


Microchip Technology PIC Macro Assembler V1.38 build -256452561 
Symbol Table                                                                                   Sat Oct 08 21:24:08 2016

                 __CFG_CP$OFF 0000                            u37 0025                            fsr 0004  
                         l443 000F                          _GPIO 0006                          _TMR0 0001  
                        _main 0003                          btemp 001C                          ltemp 001C  
                        start 0000                          ttemp 001C                          wtemp 001C  
               __CFG_MCLRE$ON 0000               __end_of_InitApp 0030                         ?_main 0010  
               __CFG_WDTE$OFF 0000           _ConfigureOscillator 0030                         ltemp0 001C  
                       ltemp1 0020                         ltemp2 0024                         ltemp3 001E  
                       ttemp0 001C                         ttemp1 001F                         ttemp2 0022  
                       ttemp3 0025                         ttemp4 001D                         wtemp0 001C  
                       wtemp1 001E                         wtemp2 0020                         wtemp3 0022  
                       wtemp4 0024                         wtemp5 0026                         wtemp6 001D  
        ?_ConfigureOscillator 0010               __initialization 0001                  __end_of_main 002F  
                      ??_main 0010                        _OSCCAL 0005                        _OPTION 0000  
                   ??_InitApp 0000         ??_ConfigureOscillator 0000           main@timerClockCount 0013  
     __end_of__initialization 0001                __pcstackCOMMON 0000                    __pmaintext 0003  
                     _InitApp 002F                       __ptext1 002F                       __ptext2 0030  
        end_of_initialization 0001   __end_of_ConfigureOscillator 0031           start_initialization 0001  
                   ___latbits 0000                 __pcstackBANK0 0010                      ?_InitApp 0010  
                   __pjmp_tab 00FD                      _TRISGPIO 0006     entry__ConfigureOscillator 00FE  
            __size_of_InitApp 0001                 entry__InitApp 00FD                 __size_of_main 002C  
__size_of_ConfigureOscillator 0001  
