

Microchip Technology PIC LITE Macro Assembler V1.38 build -256452561 
                                                                                               Fri Oct 07 21:15:20 2016

Microchip Technology Omniscient Code Generator v1.38 (Free mode) build 201607010351
     1                           	processor	10F200
     2                           	opt	pw 120
     3                           	opt	lm
     4                           	psect	cinit,global,class=ENTRY,merge=1,delta=2
     5                           	psect	cstackCOMMON,global,class=COMMON,space=1,delta=1
     6                           	psect	cstackBANK0,global,class=BANK0,space=1,delta=1
     7                           	psect	maintext,global,class=CODE,split=1,delta=2
     8                           	psect	text1,local,class=CODE,merge=1,delta=2
     9                           	psect	jmp_tab,global,class=ENTRY,delta=2
    10                           	psect	text2,local,class=CODE,merge=1,delta=2
    11                           	dabs	1,0x1C,4
    12  0000                     	;# 
    13  0001                     	;# 
    14  0002                     	;# 
    15  0003                     	;# 
    16  0004                     	;# 
    17  0005                     	;# 
    18  0006                     	;# 
    19  0000                     	;# 
    20  0001                     	;# 
    21  0002                     	;# 
    22  0003                     	;# 
    23  0004                     	;# 
    24  0005                     	;# 
    25  0006                     	;# 
    26  0000                     	;# 
    27  0001                     	;# 
    28  0002                     	;# 
    29  0003                     	;# 
    30  0004                     	;# 
    31  0005                     	;# 
    32  0006                     	;# 
    33  0000                     	;# 
    34  0001                     	;# 
    35  0002                     	;# 
    36  0003                     	;# 
    37  0004                     	;# 
    38  0005                     	;# 
    39  0006                     	;# 
    40  0000                     	;# 
    41  0001                     	;# 
    42  0002                     	;# 
    43  0003                     	;# 
    44  0004                     	;# 
    45  0005                     	;# 
    46  0006                     	;# 
    47  0006                     _GPIO	set	6
    48  0000                     _OPTION	set	0
    49  0005                     _OSCCAL	set	5
    50  0006                     _TRISGPIO	set	6
    51                           
    52                           ; #config settings
    53  0000                     
    54                           	psect	cinit
    55  001                     start_initialization:	
    56  001                     __initialization:	
    57  001                     end_of_initialization:	
    58                           ;End of C runtime variable initialization code
    59                           
    60  001                     __end_of__initialization:	
    61  001  064                	clrf	4
    62  002  A03                	ljmp	_main	;jump to C main() function
    63                           
    64                           	psect	cstackCOMMON
    65  000                     __pcstackCOMMON:	
    66  000                     ??_ConfigureOscillator:	
    67  000                     ??_InitApp:	
    68                           ; 1 bytes @ 0x0
    69                           
    70                           
    71                           	psect	cstackBANK0
    72  010                     __pcstackBANK0:	
    73                           ; 1 bytes @ 0x0
    74                           
    75  010                     ?_ConfigureOscillator:	
    76  010                     ?_InitApp:	
    77                           ; 1 bytes @ 0x0
    78                           
    79  010                     ?_main:	
    80                           ; 1 bytes @ 0x0
    81                           
    82  010                     ??_main:	
    83                           ; 1 bytes @ 0x0
    84                           
    85                           
    86                           ; 1 bytes @ 0x0
    87  010                     	ds	3
    88  013                     main@cnt:	
    89                           
    90                           ; 2 bytes @ 0x3
    91  013                     	ds	2
    92                           
    93                           	psect	maintext
    94  003                     __pmaintext:	
    95 ;;
    96 ;;Main: autosize = 0, tempsize = 3, incstack = 0, save=0
    97 ;;
    98 ;; *************** function _main *****************
    99 ;; Defined at:
   100 ;;		line 24 in file "main.c"
   101 ;; Parameters:    Size  Location     Type
   102 ;;		None
   103 ;; Auto vars:     Size  Location     Type
   104 ;;  cnt             2    3[BANK0 ] int 
   105 ;; Return value:  Size  Location     Type
   106 ;;                  1   16[None  ] void 
   107 ;; Registers used:
   108 ;;		wreg, fsr0l, fsr0h, status,2, status,0, btemp+0, btemp+1, btemp+2, btemp+3, pclath, cstack
   109 ;; Tracked objects:
   110 ;;		On entry : B00/0
   111 ;;		On exit  : 0/0
   112 ;;		Unchanged: 0/0
   113 ;; Data sizes:     COMMON   BANK0
   114 ;;      Params:         0       0
   115 ;;      Locals:         0       2
   116 ;;      Temps:          0       3
   117 ;;      Totals:         0       5
   118 ;;Total ram usage:        5 bytes
   119 ;; Hardware stack levels required when called:    1
   120 ;; This function calls:
   121 ;;		_ConfigureOscillator
   122 ;;		_InitApp
   123 ;; This function is called by:
   124 ;;		Startup code after reset
   125 ;; This function uses a non-reentrant model
   126 ;;
   127                           
   128                           
   129                           ;psect for function _main
   130  003                     _main:	
   131                           
   132                           ;main.c: 29: ConfigureOscillator();
   133                           
   134                           ;incstack = 0
   135                           ; Regs used in _main: [wreg-fsr0h+status,2-btemp+3+pclath+cstack]
   136  003  9FE                	fcall	entry__ConfigureOscillator
   137                           
   138                           ;main.c: 34: InitApp();
   139  004  9FD                	fcall	entry__InitApp
   140                           
   141                           ;main.c: 40: OSCCAL = 0b00000000;
   142  005  065                	clrf	5	;volatile
   143                           
   144                           ;main.c: 45: OPTION = 0b11011111;
   145  006  CDF                	movlw	223
   146  007  002                	option
   147                           
   148                           ;main.c: 50: TRISGPIO = 0b00001000;
   149  008  C08                	movlw	8
   150  009  006                	tris	6
   151                           
   152                           ;main.c: 55: int cnt = 0;
   153  00A  073                	clrf	main@cnt
   154  00B  074                	clrf	main@cnt+1
   155  00C                     l433:	
   156                           ;main.c: 60: while(1)
   157                           
   158                           
   159                           ;main.c: 61: {
   160                           ;main.c: 65: GPIO = cnt;
   161  00C  213                	movf	main@cnt,w
   162  00D  026                	movwf	6	;volatile
   163                           
   164                           ;main.c: 69: cnt++;
   165  00E  C01                	movlw	1
   166  00F  03C                	movwf	28
   167  010  07D                	clrf	29
   168  011  21C                	movf	28,w
   169  012  1F3                	addwf	main@cnt,f
   170  013  603                	skipnc
   171  014  2B4                	incf	main@cnt+1,f
   172  015  21D                	movf	29,w
   173  016  1F4                	addwf	main@cnt+1,f
   174                           
   175                           ;main.c: 73: if (cnt > 7 ) {
   176  017  214                	movf	main@cnt+1,w
   177  018  03F                	movwf	31
   178  019  213                	movf	main@cnt,w
   179  01A  03E                	movwf	30
   180  01B  21F                	movf	31,w
   181  01C  F80                	xorlw	128
   182  01D  03C                	movwf	28
   183  01E  C80                	movlw	128
   184  01F  09C                	subwf	28,w
   185  020  743                	skipz
   186  021  A24                	goto	u25
   187  022  C08                	movlw	8
   188  023  09E                	subwf	30,w
   189  024                     u25:	
   190  024  703                	skipc
   191  025  A28                	goto	l441
   192                           
   193                           ;main.c: 74: cnt = 0;
   194  026  073                	clrf	main@cnt
   195  027  074                	clrf	main@cnt+1
   196  028                     l441:	
   197                           
   198                           ;main.c: 75: }
   199                           ;main.c: 79: _delay((unsigned long)((2000)*(4000000L/4000.0)));
   200  028  C0B                	movlw	11
   201  029  032                	movwf	??_main+2
   202  02A  C26                	movlw	38
   203  02B  031                	movwf	??_main+1
   204  02C  C66                	movlw	102
   205  02D  030                	movwf	??_main
   206  02E                     u37:	
   207  02E  2F0                	decfsz	??_main,f
   208  02F  A2E                	goto	u37
   209  030  2F1                	decfsz	??_main+1,f
   210  031  A2E                	goto	u37
   211  032  2F2                	decfsz	??_main+2,f
   212  033  A2E                	goto	u37
   213  034  A35                	nop2
   214  035  A0C                	goto	l433
   215  036                     __end_of_main:	
   216                           
   217                           	psect	text1
   218  036                     __ptext1:	
   219 ;; *************** function _InitApp *****************
   220 ;; Defined at:
   221 ;;		line 14 in file "user.c"
   222 ;; Parameters:    Size  Location     Type
   223 ;;		None
   224 ;; Auto vars:     Size  Location     Type
   225 ;;		None
   226 ;; Return value:  Size  Location     Type
   227 ;;                  1    4[None  ] void 
   228 ;; Registers used:
   229 ;;		wreg
   230 ;; Tracked objects:
   231 ;;		On entry : 0/0
   232 ;;		On exit  : 0/0
   233 ;;		Unchanged: 0/0
   234 ;; Data sizes:     COMMON   BANK0
   235 ;;      Params:         0       0
   236 ;;      Locals:         0       0
   237 ;;      Temps:          0       0
   238 ;;      Totals:         0       0
   239 ;;Total ram usage:        0 bytes
   240 ;; Hardware stack levels used:    1
   241 ;; This function calls:
   242 ;;		Nothing
   243 ;; This function is called by:
   244 ;;		_main
   245 ;; This function uses a non-reentrant model
   246 ;;
   247                           
   248                           
   249                           ;psect for function _InitApp
   250  036                     _InitApp:	
   251  036  800                	retlw	0
   252  037                     __end_of_InitApp:	
   253                           
   254                           	psect	jmp_tab
   255  0FD                     __pjmp_tab:	
   256                           ;incstack = 0
   257                           ; Regs used in _InitApp: [wreg]
   258                           
   259  0FD                     entry__InitApp:	
   260  0FD  A36                	ljmp	_InitApp
   261  0FE                     entry__ConfigureOscillator:	
   262                           ;incstack = 0
   263                           ; Regs used in _ConfigureOscillator: [wreg]
   264                           
   265  0FE  A37                	ljmp	_ConfigureOscillator
   266                           
   267                           	psect	text2
   268  037                     __ptext2:	
   269 ;; *************** function _ConfigureOscillator *****************
   270 ;; Defined at:
   271 ;;		line 13 in file "system.c"
   272 ;; Parameters:    Size  Location     Type
   273 ;;		None
   274 ;; Auto vars:     Size  Location     Type
   275 ;;		None
   276 ;; Return value:  Size  Location     Type
   277 ;;                  1    2[None  ] void 
   278 ;; Registers used:
   279 ;;		wreg
   280 ;; Tracked objects:
   281 ;;		On entry : 0/0
   282 ;;		On exit  : 0/0
   283 ;;		Unchanged: 0/0
   284 ;; Data sizes:     COMMON   BANK0
   285 ;;      Params:         0       0
   286 ;;      Locals:         0       0
   287 ;;      Temps:          0       0
   288 ;;      Totals:         0       0
   289 ;;Total ram usage:        0 bytes
   290 ;; Hardware stack levels used:    1
   291 ;; This function calls:
   292 ;;		Nothing
   293 ;; This function is called by:
   294 ;;		_main
   295 ;; This function uses a non-reentrant model
   296 ;;
   297                           
   298                           
   299                           ;psect for function _ConfigureOscillator
   300  037                     _ConfigureOscillator:	
   301  037  800                	retlw	0
   302  038                     __end_of_ConfigureOscillator:	
   303  001C                     btemp	set	28	;btemp
   304  001C                     wtemp	set	28
   305  001C                     wtemp0	set	28
   306  001E                     wtemp1	set	30
   307  0020                     wtemp2	set	32
   308  0022                     wtemp3	set	34
   309  0024                     wtemp4	set	36
   310  0026                     wtemp5	set	38
   311  001D                     wtemp6	set	29
   312  001C                     ttemp	set	28
   313  001C                     ttemp0	set	28
   314  001F                     ttemp1	set	31
   315  0022                     ttemp2	set	34
   316  0025                     ttemp3	set	37
   317  001D                     ttemp4	set	29
   318  001C                     ltemp	set	28
   319  001C                     ltemp0	set	28
   320  0020                     ltemp1	set	32
   321  0024                     ltemp2	set	36
   322  001E                     ltemp3	set	30


Data Sizes:
    Strings     0
    Constant    0
    Data        0
    BSS         0
    Persistent  0
    Stack       0

Auto Spaces:
    Space          Size  Autos    Used
    COMMON            0      0       0
    BANK0            14      5       5

Pointer List with Targets:

    None.

Critical Paths under _main in COMMON

    None.

Critical Paths under _main in BANK0

    None.

Call Graph Tables:

 ---------------------------------------------------------------------------------
 (Depth) Function   	        Calls       Base Space   Used Autos Params    Refs
 ---------------------------------------------------------------------------------
 (0) _main                                                 5     5      0      47
                                              0 BANK0      5     5      0
                _ConfigureOscillator
                            _InitApp
 ---------------------------------------------------------------------------------
 (1) _InitApp                                              0     0      0       0
 ---------------------------------------------------------------------------------
 (1) _ConfigureOscillator                                  0     0      0       0
 ---------------------------------------------------------------------------------
 Estimated maximum stack depth 1
 ---------------------------------------------------------------------------------

 Call Graph Graphs:

 _main (ROOT)
   _ConfigureOscillator
   _InitApp

 Address spaces:
Name               Size   Autos  Total    Cost      Usage
STACK                0      0       0       0        0.0%
NULL                 0      0       0       0        0.0%
CODE                 0      0       0       0        0.0%
BITSFR0              0      0       0       1        0.0%
SFR0                 0      0       0       1        0.0%
DATA                 0      0       0       1        0.0%
BITCOMMON            0      0       0       2        0.0%
BITBANK0             E      0       0       3        0.0%
COMMON               0      0       0       4        0.0%
BANK0                E      5       5       5       35.7%
ABS                  0      0       0       6        0.0%


Microchip Technology PIC Macro Assembler V1.38 build -256452561 
Symbol Table                                                                                   Fri Oct 07 21:15:20 2016

                 __CFG_CP$OFF 0000                            u25 0024                            u37 002E  
                          fsr 0004                           l441 0028                           l433 000C  
                        _GPIO 0006                          _main 0003                          btemp 001C  
                        ltemp 001C                          start 0000                          ttemp 001C  
                        wtemp 001C                 __CFG_MCLRE$ON 0000               __end_of_InitApp 0037  
                       ?_main 0010                 __CFG_WDTE$OFF 0000           _ConfigureOscillator 0037  
                       ltemp0 001C                         ltemp1 0020                         ltemp2 0024  
                       ltemp3 001E                         ttemp0 001C                         ttemp1 001F  
                       ttemp2 0022                         ttemp3 0025                         ttemp4 001D  
                       wtemp0 001C                         wtemp1 001E                         wtemp2 0020  
                       wtemp3 0022                         wtemp4 0024                         wtemp5 0026  
                       wtemp6 001D          ?_ConfigureOscillator 0010               __initialization 0001  
                __end_of_main 0036                        ??_main 0010                        _OSCCAL 0005  
                      _OPTION 0000                     ??_InitApp 0000         ??_ConfigureOscillator 0000  
     __end_of__initialization 0001                __pcstackCOMMON 0000                    __pmaintext 0003  
                     _InitApp 0036                       __ptext1 0036                       __ptext2 0037  
                     main@cnt 0013          end_of_initialization 0001   __end_of_ConfigureOscillator 0038  
         start_initialization 0001                     ___latbits 0000                 __pcstackBANK0 0010  
                    ?_InitApp 0010                     __pjmp_tab 00FD                      _TRISGPIO 0006  
   entry__ConfigureOscillator 00FE              __size_of_InitApp 0001                 entry__InitApp 00FD  
               __size_of_main 0033  __size_of_ConfigureOscillator 0001  
